<?xml version="1.0" encoding="UTF-8"?>
<!-- Generated by org.testng.reporters.JUnitReportReporter -->
<testsuite hostname="DESKTOP-4T9R7PN" failures="0" tests="1" name="com.qa.vendorStatementRP.runner.TestRunner" time="835.833" errors="0" timestamp="19 Feb 2021 17:11:44 GMT">
  <testcase classname="com.qa.vendorStatementRP.runner.TestRunner" name="feature" time="835.833"/>
</testsuite> <!-- com.qa.vendorStatementRP.runner.TestRunner -->
